<?xml version="1.0" encoding="UTF-8"?>
<testsuite xmlns:xsi="http://www.w3.org/2001/XMLSchema-instance" xsi:noNamespaceSchemaLocation="https://maven.apache.org/surefire/maven-surefire-plugin/xsd/surefire-test-report-3.0.xsd" version="3.0" name="app.IntegrationTest" time="0.913" tests="2" errors="0" skipped="0" failures="0">
  <properties>
    <property name="jooby.useShutdownHook" value="false"/>
    <property name="awt.toolkit" value="sun.awt.X11.XToolkit"/>
    <property name="java.specification.version" value="11"/>
    <property name="sun.cpu.isalist" value=""/>
    <property name="sun.jnu.encoding" value="UTF-8"/>
    <property name="java.class.path" value="/workspace/gqso-914-2022/api/target/test-classes:/workspace/gqso-914-2022/api/target/classes:/workspace/m2-repository/io/jooby/jooby-netty/2.15.1/jooby-netty-2.15.1.jar:/workspace/m2-repository/io/jooby/jooby/2.15.1/jooby-2.15.1.jar:/workspace/m2-repository/com/google/code/findbugs/jsr305/3.0.2/jsr305-3.0.2.jar:/workspace/m2-repository/javax/inject/javax.inject/1/javax.inject-1.jar:/workspace/m2-repository/com/typesafe/config/1.4.2/config-1.4.2.jar:/workspace/m2-repository/io/netty/netty-handler/4.1.77.Final/netty-handler-4.1.77.Final.jar:/workspace/m2-repository/io/netty/netty-common/4.1.77.Final/netty-common-4.1.77.Final.jar:/workspace/m2-repository/io/netty/netty-resolver/4.1.77.Final/netty-resolver-4.1.77.Final.jar:/workspace/m2-repository/io/netty/netty-buffer/4.1.77.Final/netty-buffer-4.1.77.Final.jar:/workspace/m2-repository/io/netty/netty-transport/4.1.77.Final/netty-transport-4.1.77.Final.jar:/workspace/m2-repository/io/netty/netty-codec/4.1.77.Final/netty-codec-4.1.77.Final.jar:/workspace/m2-repository/io/netty/netty-codec-http/4.1.77.Final/netty-codec-http-4.1.77.Final.jar:/workspace/m2-repository/io/netty/netty-transport-native-epoll/4.1.77.Final/netty-transport-native-epoll-4.1.77.Final-linux-x86_64.jar:/workspace/m2-repository/io/netty/netty-transport-native-unix-common/4.1.77.Final/netty-transport-native-unix-common-4.1.77.Final.jar:/workspace/m2-repository/io/netty/netty-transport-classes-epoll/4.1.77.Final/netty-transport-classes-epoll-4.1.77.Final.jar:/workspace/m2-repository/ch/qos/logback/logback-classic/1.2.11/logback-classic-1.2.11.jar:/workspace/m2-repository/ch/qos/logback/logback-core/1.2.11/logback-core-1.2.11.jar:/workspace/m2-repository/org/slf4j/slf4j-api/1.7.36/slf4j-api-1.7.36.jar:/workspace/m2-repository/org/junit/jupiter/junit-jupiter-api/5.8.2/junit-jupiter-api-5.8.2.jar:/workspace/m2-repository/org/opentest4j/opentest4j/1.2.0/opentest4j-1.2.0.jar:/workspace/m2-repository/org/junit/platform/junit-platform-commons/1.8.2/junit-platform-commons-1.8.2.jar:/workspace/m2-repository/org/apiguardian/apiguardian-api/1.1.2/apiguardian-api-1.1.2.jar:/workspace/m2-repository/org/junit/jupiter/junit-jupiter-engine/5.8.2/junit-jupiter-engine-5.8.2.jar:/workspace/m2-repository/org/junit/platform/junit-platform-engine/1.8.2/junit-platform-engine-1.8.2.jar:/workspace/m2-repository/io/jooby/jooby-test/2.15.1/jooby-test-2.15.1.jar:/workspace/m2-repository/com/squareup/okhttp3/okhttp/4.9.3/okhttp-4.9.3.jar:/workspace/m2-repository/com/squareup/okio/okio/2.8.0/okio-2.8.0.jar:/workspace/m2-repository/org/jetbrains/kotlin/kotlin-stdlib-common/1.4.0/kotlin-stdlib-common-1.4.0.jar:/workspace/m2-repository/org/jetbrains/kotlin/kotlin-stdlib/1.6.21/kotlin-stdlib-1.6.21.jar:/workspace/m2-repository/org/jetbrains/annotations/13.0/annotations-13.0.jar:"/>
    <property name="java.vm.vendor" value="Azul Systems, Inc."/>
    <property name="sun.arch.data.model" value="64"/>
    <property name="java.vendor.url" value="http://www.azul.com/"/>
    <property name="user.timezone" value="Etc/UTC"/>
    <property name="io.netty.leakDetection.level" value="disabled"/>
    <property name="java.vm.specification.version" value="11"/>
    <property name="os.name" value="Linux"/>
    <property name="sun.java.launcher" value="SUN_STANDARD"/>
    <property name="user.country" value="US"/>
    <property name="sun.boot.library.path" value="/home/gitpod/.sdkman/candidates/java/11.0.16.fx-zulu/lib"/>
    <property name="sun.java.command" value="/workspace/gqso-914-2022/api/target/surefire/surefirebooter8601584668030739386.jar /workspace/gqso-914-2022/api/target/surefire 2022-09-10T02-23-26_055-jvmRun1 surefire16463753003093721607tmp surefire_08450862494468459461tmp"/>
    <property name="jdk.debug" value="release"/>
    <property name="surefire.test.class.path" value="/workspace/gqso-914-2022/api/target/test-classes:/workspace/gqso-914-2022/api/target/classes:/workspace/m2-repository/io/jooby/jooby-netty/2.15.1/jooby-netty-2.15.1.jar:/workspace/m2-repository/io/jooby/jooby/2.15.1/jooby-2.15.1.jar:/workspace/m2-repository/com/google/code/findbugs/jsr305/3.0.2/jsr305-3.0.2.jar:/workspace/m2-repository/javax/inject/javax.inject/1/javax.inject-1.jar:/workspace/m2-repository/com/typesafe/config/1.4.2/config-1.4.2.jar:/workspace/m2-repository/io/netty/netty-handler/4.1.77.Final/netty-handler-4.1.77.Final.jar:/workspace/m2-repository/io/netty/netty-common/4.1.77.Final/netty-common-4.1.77.Final.jar:/workspace/m2-repository/io/netty/netty-resolver/4.1.77.Final/netty-resolver-4.1.77.Final.jar:/workspace/m2-repository/io/netty/netty-buffer/4.1.77.Final/netty-buffer-4.1.77.Final.jar:/workspace/m2-repository/io/netty/netty-transport/4.1.77.Final/netty-transport-4.1.77.Final.jar:/workspace/m2-repository/io/netty/netty-codec/4.1.77.Final/netty-codec-4.1.77.Final.jar:/workspace/m2-repository/io/netty/netty-codec-http/4.1.77.Final/netty-codec-http-4.1.77.Final.jar:/workspace/m2-repository/io/netty/netty-transport-native-epoll/4.1.77.Final/netty-transport-native-epoll-4.1.77.Final-linux-x86_64.jar:/workspace/m2-repository/io/netty/netty-transport-native-unix-common/4.1.77.Final/netty-transport-native-unix-common-4.1.77.Final.jar:/workspace/m2-repository/io/netty/netty-transport-classes-epoll/4.1.77.Final/netty-transport-classes-epoll-4.1.77.Final.jar:/workspace/m2-repository/ch/qos/logback/logback-classic/1.2.11/logback-classic-1.2.11.jar:/workspace/m2-repository/ch/qos/logback/logback-core/1.2.11/logback-core-1.2.11.jar:/workspace/m2-repository/org/slf4j/slf4j-api/1.7.36/slf4j-api-1.7.36.jar:/workspace/m2-repository/org/junit/jupiter/junit-jupiter-api/5.8.2/junit-jupiter-api-5.8.2.jar:/workspace/m2-repository/org/opentest4j/opentest4j/1.2.0/opentest4j-1.2.0.jar:/workspace/m2-repository/org/junit/platform/junit-platform-commons/1.8.2/junit-platform-commons-1.8.2.jar:/workspace/m2-repository/org/apiguardian/apiguardian-api/1.1.2/apiguardian-api-1.1.2.jar:/workspace/m2-repository/org/junit/jupiter/junit-jupiter-engine/5.8.2/junit-jupiter-engine-5.8.2.jar:/workspace/m2-repository/org/junit/platform/junit-platform-engine/1.8.2/junit-platform-engine-1.8.2.jar:/workspace/m2-repository/io/jooby/jooby-test/2.15.1/jooby-test-2.15.1.jar:/workspace/m2-repository/com/squareup/okhttp3/okhttp/4.9.3/okhttp-4.9.3.jar:/workspace/m2-repository/com/squareup/okio/okio/2.8.0/okio-2.8.0.jar:/workspace/m2-repository/org/jetbrains/kotlin/kotlin-stdlib-common/1.4.0/kotlin-stdlib-common-1.4.0.jar:/workspace/m2-repository/org/jetbrains/kotlin/kotlin-stdlib/1.6.21/kotlin-stdlib-1.6.21.jar:/workspace/m2-repository/org/jetbrains/annotations/13.0/annotations-13.0.jar:"/>
    <property name="application.package" value="app"/>
    <property name="sun.cpu.endian" value="little"/>
    <property name="user.home" value="/home/gitpod"/>
    <property name="user.language" value="en"/>
    <property name="java.specification.vendor" value="Oracle Corporation"/>
    <property name="java.version.date" value="2022-07-19"/>
    <property name="java.home" value="/home/gitpod/.sdkman/candidates/java/11.0.16.fx-zulu"/>
    <property name="file.separator" value="/"/>
    <property name="basedir" value="/workspace/gqso-914-2022/api"/>
    <property name="java.vm.compressedOopsMode" value="Zero based"/>
    <property name="line.separator" value="&#10;"/>
    <property name="java.specification.name" value="Java Platform API Specification"/>
    <property name="java.vm.specification.vendor" value="Oracle Corporation"/>
    <property name="jdk.vendor.version" value="Zulu11.58+15-CA"/>
    <property name="java.awt.graphicsenv" value="sun.awt.X11GraphicsEnvironment"/>
    <property name="surefire.real.class.path" value="/workspace/gqso-914-2022/api/target/surefire/surefirebooter8601584668030739386.jar"/>
    <property name="logback.configurationFile" value="/workspace/gqso-914-2022/api/conf/logback.xml"/>
    <property name="sun.management.compiler" value="HotSpot 64-Bit Tiered Compilers"/>
    <property name="java.runtime.version" value="11.0.16+8-LTS"/>
    <property name="user.name" value="gitpod"/>
    <property name="path.separator" value=":"/>
    <property name="os.version" value="5.15.0-47-generic"/>
    <property name="java.runtime.name" value="OpenJDK Runtime Environment"/>
    <property name="file.encoding" value="UTF-8"/>
    <property name="application.env" value="test"/>
    <property name="java.vm.name" value="OpenJDK 64-Bit Server VM"/>
    <property name="java.vendor.version" value="Zulu11.58+15-CA"/>
    <property name="localRepository" value="/workspace/m2-repository"/>
    <property name="java.vendor.url.bug" value="http://www.azul.com/support/"/>
    <property name="java.io.tmpdir" value="/tmp"/>
    <property name="java.version" value="11.0.16"/>
    <property name="user.dir" value="/workspace/gqso-914-2022/api"/>
    <property name="os.arch" value="amd64"/>
    <property name="java.vm.specification.name" value="Java Virtual Machine Specification"/>
    <property name="PID" value="1612"/>
    <property name="java.awt.printerjob" value="sun.print.PSPrinterJob"/>
    <property name="sun.os.patch.level" value="unknown"/>
    <property name="java.library.path" value="/usr/java/packages/lib:/usr/lib64:/lib64:/lib:/usr/lib"/>
    <property name="java.vm.info" value="mixed mode"/>
    <property name="java.vendor" value="Azul Systems, Inc."/>
    <property name="java.vm.version" value="11.0.16+8-LTS"/>
    <property name="sun.io.unicode.encoding" value="UnicodeLittle"/>
    <property name="java.class.version" value="55.0"/>
  </properties>
  <testcase name="somaIntegrationTest(int)" classname="app.IntegrationTest" time="0.118">
    <system-out><![CDATA[[2022-09-10 02:23:28,029]-[main] INFO  app.App - App started with:
[2022-09-10 02:23:28,033]-[main] INFO  app.App -     PID: 1612
[2022-09-10 02:23:28,033]-[main] INFO  app.App -     netty {port: 8911, ioThreads: 32, workerThreads: 128, bufferSize: 16384, maxRequestSize: 10485760, httpsOnly: false}
[2022-09-10 02:23:28,033]-[main] INFO  app.App -     env: [test]
[2022-09-10 02:23:28,033]-[main] INFO  app.App -     execution mode: default
[2022-09-10 02:23:28,034]-[main] INFO  app.App -     user: gitpod
[2022-09-10 02:23:28,034]-[main] INFO  app.App -     app dir: /workspace/gqso-914-2022/api
[2022-09-10 02:23:28,034]-[main] INFO  app.App -     tmp dir: /workspace/gqso-914-2022/api/tmp
[2022-09-10 02:23:28,034]-[main] INFO  app.App - routes: 

  GET /
  GET /soma/{nums}*
  GET /subtracao/{nums}*
  GET /multiplicacao/{nums}*

listening on:
  http://localhost:8911/

]]></system-out>
  </testcase>
  <testcase name="somaIntegrationTestError(int)" classname="app.IntegrationTest" time="0.097">
    <system-out><![CDATA[[2022-09-10 02:23:28,373]-[worker-1-2] ERROR app.App - GET /soma/2a0/2b0/2c0 400 Bad Request
java.lang.NumberFormatException: For input string: "2a0"
	at java.base/jdk.internal.math.FloatingDecimal.readJavaFormatString(FloatingDecimal.java:2054)
	at java.base/jdk.internal.math.FloatingDecimal.parseDouble(FloatingDecimal.java:110)
	at java.base/java.lang.Double.parseDouble(Double.java:543)
	at app.Soma.lambda$calculoSoma$0(Soma.java:12)
	at java.base/java.util.stream.ReferencePipeline$3$1.accept(ReferencePipeline.java:195)
	at java.base/java.util.Spliterators$ArraySpliterator.forEachRemaining(Spliterators.java:948)
	at java.base/java.util.stream.AbstractPipeline.copyInto(AbstractPipeline.java:484)
	at java.base/java.util.stream.AbstractPipeline.wrapAndCopyInto(AbstractPipeline.java:474)
	at java.base/java.util.stream.ReduceOps$ReduceOp.evaluateSequential(ReduceOps.java:913)
	at java.base/java.util.stream.AbstractPipeline.evaluate(AbstractPipeline.java:234)
	at java.base/java.util.stream.ReferencePipeline.reduce(ReferencePipeline.java:553)
	at app.Soma.calculoSoma(Soma.java:13)
	at app.Soma$Module.getCalculoSoma$nums(app.Soma$Module.java)
	at io.jooby.internal.handler.DefaultHandler.apply(DefaultHandler.java:23)
	at io.jooby.internal.handler.WorkerHandler.lambda$apply$0(WorkerHandler.java:23)
	at java.base/java.util.concurrent.ThreadPoolExecutor.runWorker(ThreadPoolExecutor.java:1128)
	at java.base/java.util.concurrent.ThreadPoolExecutor$Worker.run(ThreadPoolExecutor.java:628)
	at io.netty.util.concurrent.FastThreadLocalRunnable.run(FastThreadLocalRunnable.java:30)
	at java.base/java.lang.Thread.run(Thread.java:829)
]]></system-out>
  </testcase>
</testsuite>